<?xml version="1.0" encoding="UTF-8"?>
<!-- Generated by org.testng.reporters.JUnitXMLReporter -->
<testsuite ignored="0" hostname="SUMIT" failures="0" tests="4" name="Test" time="124.571" errors="0" timestamp="2024-02-27T22:33:33 IST">
  <testcase classname="com.testcases.Test_Case_1" name="Test1" time="14.495"/>
  <testcase classname="com.testcases.Test_Case_4" name="Test1" time="24.196"/>
  <testcase classname="com.testcases.Test_Case_2" name="Test1" time="27.484"/>
  <testcase classname="com.testcases.Test_Case_3" name="Test1" time="58.302"/>
</testsuite> <!-- Test -->
