<?xml version="1.0" encoding="UTF-8"?>
<testng-results ignored="0" total="4" passed="4" failed="0" skipped="0">
  <reporter-output>
  </reporter-output>
  <suite started-at="2024-02-27T22:31:28 IST" name="Suite" finished-at="2024-02-27T22:33:33 IST" duration-ms="124571">
    <groups>
    </groups>
    <test started-at="2024-02-27T22:31:28 IST" name="Test" finished-at="2024-02-27T22:33:33 IST" duration-ms="124571">
      <class name="com.testcases.Test_Case_4">
        <test-method signature="Test1()[pri:0, instance:com.testcases.Test_Case_4@48aca48b]" started-at="2024-02-27T22:31:43 IST" name="Test1" finished-at="2024-02-27T22:32:07 IST" duration-ms="24196" status="PASS">
          <reporter-output>
          </reporter-output>
        </test-method> <!-- Test1 -->
      </class> <!-- com.testcases.Test_Case_4 -->
      <class name="com.testcases.Test_Case_1">
        <test-method signature="Test1()[pri:0, instance:com.testcases.Test_Case_1@51e69659]" started-at="2024-02-27T22:31:28 IST" name="Test1" finished-at="2024-02-27T22:31:43 IST" duration-ms="14495" status="PASS">
          <reporter-output>
          </reporter-output>
        </test-method> <!-- Test1 -->
      </class> <!-- com.testcases.Test_Case_1 -->
      <class name="com.testcases.Test_Case_2">
        <test-method signature="Test1()[pri:0, instance:com.testcases.Test_Case_2@13fd2ccd]" started-at="2024-02-27T22:32:07 IST" name="Test1" finished-at="2024-02-27T22:32:35 IST" duration-ms="27484" status="PASS">
          <reporter-output>
          </reporter-output>
        </test-method> <!-- Test1 -->
      </class> <!-- com.testcases.Test_Case_2 -->
      <class name="com.testcases.Test_Case_3">
        <test-method signature="Test1()[pri:0, instance:com.testcases.Test_Case_3@b9b00e0]" started-at="2024-02-27T22:32:35 IST" name="Test1" finished-at="2024-02-27T22:33:33 IST" duration-ms="58302" status="PASS">
          <reporter-output>
          </reporter-output>
        </test-method> <!-- Test1 -->
      </class> <!-- com.testcases.Test_Case_3 -->
    </test> <!-- Test -->
  </suite> <!-- Suite -->
</testng-results>
